[LOG] System::create                           : Header version = 1.10.05. Current version = 1.10.05.
[LOG] SystemI::setOutputInternal               : Setting output to 'FMOD WASAPI Output'
[LOG] Manager::init                            : maxchannels = 1024 studioflags = 00000009 flags 00000000 extradriverdata 0000000000000000.
[LOG] SystemI::init                            : Initialize version=11005 (94661), maxchannels=1024, flags=0x00030000
[LOG] OutputWASAPI::init                       : Mix Format (WAVEFORMATEX): wFormatTag=0xFFFE, nChannels=2, nSamplesPerSec=44100, nAvgBytesPerSec=352800, nBlockAlign=8, wBitsPerSample=32, cbSize=22.
[LOG] OutputWASAPI::init                       : Mix Format (WAVEFORMATEXTENSIBLE): wValidBitsPerSample=32, dwChannelMask=0x00000003, SubFormat=00000003-0000-0010-8000-00AA00389B71.
[LOG] OutputWASAPI::init                       : Output buffer size: 3760 samples, latency: 0.00ms, period: 10.00ms, DSP buffer: 1024 * 4
[WRN] SystemI::init                            : Output requires a sample rate of 44100Hz, resampling will occur.
[LOG] Thread::initThread                       : Init FMOD stream thread. Priority: 2, Stack Size: 65536, Semaphore: No, Sleep Time: 10, Looping: Yes.
[LOG] SystemI::DSPCodecPoolRegister            : register codec pool for pool type 5
[LOG] Thread::initThread                       : Init FMOD mixer thread. Priority: 3, Stack Size: 49152, Semaphore: No, Sleep Time: 0, Looping: Yes.
[LOG] AsyncManager::init                       : manager 0000000067A90B08 isAsync 1 updatePeriod 0.02
[LOG] Thread::initThread                       : Init FMOD Studio update thread. Priority: 0, Stack Size: 65536, Semaphore: No, Sleep Time: 1, Looping: No.
[LOG] AsyncManager::init                       : done
[LOG] PlaybackSystem::init                     : 
[LOG] Thread::initThread                       : Init FMOD Studio sample load thread. Priority: 0, Stack Size: 65536, Semaphore: No, Sleep Time: 1, Looping: No.
[LOG] PlaybackSystem::init                     : done
[LOG] LiveUpdate::init                         : 
[LOG] Thread::initThread                       : Init FMOD Studio bank load thread. Priority: 0, Stack Size: 65536, Semaphore: No, Sleep Time: 1, Looping: No.
[LOG] Manager::init                            : done.
[LOG] Profile::init                            : Profiler listening on port: 9264
[LOG] Manager::readBank                        : fileversion = 100, compatVersion = 99 (oldest = 44, newest = 100)
[LOG] Manager::readBank                        : fileversion = 100, compatVersion = 99 (oldest = 44, newest = 100)
[LOG] PlaybackSystem::acquireMasterBus         : Setting master channel group format to 6
[LOG] Manager::readBank                        : fileversion = 100, compatVersion = 99 (oldest = 44, newest = 100)
[LOG] Manager::readBank                        : fileversion = 100, compatVersion = 99 (oldest = 44, newest = 100)
[LOG] Thread::initThread                       : Init FMOD profiler thread (recv). Priority: 0, Stack Size: 131072, Semaphore: No, Sleep Time: 0, Looping: No.
[LOG] Thread::initThread                       : Init FMOD profiler thread (send). Priority: 0, Stack Size: 131072, Semaphore: No, Sleep Time: 0, Looping: No.
[LOG] LiveUpdate::clientConnected              : client = 00000000679E8208
[LOG] LiveUpdate::readPacket                   : Accepting init message for client 00000000679E8208
[LOG] LiveUpdate::transitionToConnected        : 
[LOG] Manager::sendConnectTimeHash             : 
[LOG] LiveUpdate::sendBankHash                 : 
[LOG] LiveUpdate::sendBankHash                 : 
[LOG] LiveUpdate::sendBankHash                 : 
[LOG] LiveUpdate::sendBankHash                 : 
[LOG] LiveUpdate::sendBankHash                 : 
[LOG] LiveUpdate::acceptInitPacket             : Client 00000000679E8208 connected, entering connected state
[LOG] SystemI::createSound                     : filename = Assets\FMOD\HiddenPassageway\Build\Desktop/DecayingWorld.bank : mode 02010082
[LOG] SystemI::createSound                     : FMOD_NONBLOCKING specified.  Putting into queue to be opened asynchronously!
[LOG] Thread::initThread                       : Init FMOD nonblocking thread (0). Priority: 1, Stack Size: 81920, Semaphore: Yes, Sleep Time: 0, Looping: Yes.
[LOG] SystemI::createSound                     : setdata soundi = 000000001FE1DFF8 : node = 000000001FA30590
[LOG] SystemI::createSound                     : add node to async list : head = 000000001FC1FB38.  list count = 0
[LOG] AsyncThread::threadFunc                  : Starting Asynchronous operation on sound 000000001FE1DFF8
[LOG] SystemI::createSoundInternal             :     Create name='Assets\FMOD\HiddenPassageway\Build\Desktop/DecayingWorld.bank', mode=0x02010082
[LOG] SystemI::createSoundInternal             :     exinfo->cbsize             = 232
[LOG] SystemI::createSoundInternal             :     exinfo->length             = 2920832
[LOG] SystemI::createSoundInternal             :     exinfo->fileoffset         = 4192
[LOG] SystemI::createSoundInternal             :     exinfo->numsubsounds       = 1
[LOG] SystemI::createSoundInternal             :     exinfo->inclusionlist      = 000000001FA306A8
[LOG] SystemI::createSoundInternal             :     exinfo->inclusionlistnum   = 1
[LOG] SystemI::createSoundInternal             :     exinfo->suggestedsoundtype = 5
[LOG] SystemI::createSoundInternal             :     exinfo->initialseekpostype = 1
[LOG] SystemI::createSound                     :     filename = Assets\FMOD\HiddenPassageway\Build\Desktop/DecayingWorld.bank : mode 02010082
[LOG] SystemI::createSound                     :     FMOD_NONBLOCKING specified.  Putting into queue to be opened asynchronously!
[LOG] SystemI::createSound                     :     setdata soundi = 000000001FE1DC98 : node = 000000001FA2FF00
[LOG] SystemI::createSound                     :     add node to async list : head = 000000001FC1FB38.  list count = 0
[LOG] SystemI::createSoundInternal             :     Stream 0/1: name='DecayingWorld_Ambient', format=2, channels=2, frequency=48000, lengthbytes=1409632, lengthpcm=7372800, pcmblocksize=0, loopstart=0, loopend=0, mode=0x00000000, channelmask=0x00000000, channelorder=0, peakvolume=0.568573.
[LOG] Thread::initThread                       :     Init FMOD file thread. Priority: 1, Stack Size: 16384, Semaphore: No, Sleep Time: 10, Looping: Yes.
[LOG] AsyncThread::threadFunc                  : Finished Asynchronous operation on sound 000000001FE1DFF8
[LOG] AsyncThread::threadFunc                  : Starting Asynchronous operation on sound 000000001FE1DC98
[LOG] SystemI::createSoundInternal             :     Create name='Assets\FMOD\HiddenPassageway\Build\Desktop/DecayingWorld.bank', mode=0x02010082
[LOG] SystemI::createSoundInternal             :     exinfo->cbsize             = 232
[LOG] SystemI::createSoundInternal             :     exinfo->length             = 2920832
[LOG] SystemI::createSoundInternal             :     exinfo->fileoffset         = 4192
[LOG] SystemI::createSoundInternal             :     exinfo->numsubsounds       = 1
[LOG] SystemI::createSoundInternal             :     exinfo->inclusionlist      = 000000001FA30018
[LOG] SystemI::createSoundInternal             :     exinfo->inclusionlistnum   = 1
[LOG] SystemI::createSoundInternal             :     exinfo->suggestedsoundtype = 5
[LOG] SystemI::createSoundInternal             :     exinfo->initialseekpostype = 1
[LOG] SystemI::createSoundInternal             :     Stream 0/1: name='WEATHER_wind_low', format=2, channels=2, frequency=48000, lengthbytes=1201056, lengthpcm=5139942, pcmblocksize=0, loopstart=0, loopend=0, mode=0x00000000, channelmask=0x00000000, channelorder=0, peakvolume=0.577576.
[LOG] AsyncThread::threadFunc                  : Finished Asynchronous operation on sound 000000001FE1DC98
[LOG] SoundI::getSubSound                      : sound 000000001FE1DFF8.  Subsound index 0 / 1
[LOG] SoundI::getSubSound                      : sound 000000001FE1DC98.  Subsound index 0 / 1
[LOG] SystemI::createSound                     : filename = Assets\FMOD\HiddenPassageway\Build\Desktop/DecayingWorld.bank : mode 02010082
[LOG] SystemI::createSound                     : FMOD_NONBLOCKING specified.  Putting into queue to be opened asynchronously!
[LOG] SystemI::createSound                     : setdata soundi = 000000001FE1ED78 : node = 000000001FA30AD0
[LOG] SystemI::createSound                     : add node to async list : head = 000000001FC1FB38.  list count = 0
[LOG] AsyncThread::threadFunc                  : Starting Asynchronous operation on sound 000000001FE1ED78
[LOG] SystemI::createSoundInternal             :     Create name='Assets\FMOD\HiddenPassageway\Build\Desktop/DecayingWorld.bank', mode=0x02010082
[LOG] SystemI::createSoundInternal             :     exinfo->cbsize             = 232
[LOG] SystemI::createSoundInternal             :     exinfo->length             = 2920832
[LOG] SystemI::createSoundInternal             :     exinfo->fileoffset         = 4192
[LOG] SystemI::createSoundInternal             :     exinfo->numsubsounds       = 1
[LOG] SystemI::createSoundInternal             :     exinfo->inclusionlist      = 000000001FA30BE8
[LOG] SystemI::createSoundInternal             :     exinfo->inclusionlistnum   = 1
[LOG] SystemI::createSoundInternal             :     exinfo->suggestedsoundtype = 5
[LOG] SystemI::createSoundInternal             :     exinfo->initialseekpostype = 1
[LOG] SystemI::createSoundInternal             :     Stream 0/1: name='Decaying World - Violin Tremolo', format=2, channels=2, frequency=48000, lengthbytes=148768, lengthpcm=576000, pcmblocksize=0, loopstart=0, loopend=0, mode=0x00000000, channelmask=0x00000000, channelorder=0, peakvolume=0.092804.
[LOG] AsyncThread::threadFunc                  : Finished Asynchronous operation on sound 000000001FE1ED78
[LOG] SoundI::getSubSound                      : sound 000000001FE1ED78.  Subsound index 0 / 1
[LOG] SystemI::createSound                     : filename = Assets\FMOD\HiddenPassageway\Build\Desktop/DecayingWorld.bank : mode 02010082
[LOG] SystemI::createSound                     : FMOD_NONBLOCKING specified.  Putting into queue to be opened asynchronously!
[LOG] SystemI::createSound                     : setdata soundi = 00000000539B86E8 : node = 000000001FA2F870
[LOG] SystemI::createSound                     : add node to async list : head = 000000001FC1FB38.  list count = 0
[LOG] AsyncThread::threadFunc                  : Starting Asynchronous operation on sound 00000000539B86E8
[LOG] SystemI::createSoundInternal             :     Create name='Assets\FMOD\HiddenPassageway\Build\Desktop/DecayingWorld.bank', mode=0x02010082
[LOG] SystemI::createSoundInternal             :     exinfo->cbsize             = 232
[LOG] SystemI::createSoundInternal             :     exinfo->length             = 2920832
[LOG] SystemI::createSoundInternal             :     exinfo->fileoffset         = 4192
[LOG] SystemI::createSoundInternal             :     exinfo->numsubsounds       = 1
[LOG] SystemI::createSoundInternal             :     exinfo->inclusionlist      = 000000001FA2F988
[LOG] SystemI::createSoundInternal             :     exinfo->inclusionlistnum   = 1
[LOG] SystemI::createSoundInternal             :     exinfo->suggestedsoundtype = 5
[LOG] SystemI::createSoundInternal             :     exinfo->initialseekpostype = 1
[LOG] SystemI::createSoundInternal             :     Stream 0/1: name='Decaying World - VOX', format=2, channels=2, frequency=48000, lengthbytes=158816, lengthpcm=576000, pcmblocksize=0, loopstart=0, loopend=0, mode=0x00000000, channelmask=0x00000000, channelorder=0, peakvolume=0.307190.
[LOG] AsyncThread::threadFunc                  : Finished Asynchronous operation on sound 00000000539B86E8
[LOG] AsyncThread::threadFunc                  : Starting Asynchronous operation on sound 0000000054530928
[LOG] AsyncThread::threadFunc                  : Finished Asynchronous operation on sound 0000000054530928
[LOG] SoundI::getSubSound                      : sound 00000000539B86E8.  Subsound index 0 / 1
[LOG] SoundI::release                          : Decaying World - Violin Tremolo (000000001FE1ED78)
[LOG] SoundI::release                          :     Decaying World - Violin Tremolo (00000000678D63E8)
[LOG] SoundI::release                          :     Decaying World - Violin Tremolo (0000000054530928)
[LOG] SoundI::release                          : Decaying World - VOX (00000000539B86E8)
[LOG] SoundI::release                          :     Decaying World - VOX (00000000678D70E8)
[LOG] SoundI::release                          :     Decaying World - VOX (00000000545300B8)
[LOG] SoundI::release                          : DecayingWorld_Ambient (000000001FE1DFF8)
[LOG] SoundI::release                          :     DecayingWorld_Ambient (000000001FC1DCA8)
[LOG] SoundI::release                          :     DecayingWorld_Ambient (00000000545305C8)
[LOG] SoundI::release                          : WEATHER_wind_low (000000001FE1DC98)
[LOG] SoundI::release                          :     WEATHER_wind_low (00000000678D6248)
[LOG] SoundI::release                          :     WEATHER_wind_low (000000001FE1D278)
[LOG] Thread::callback                         : FMOD Studio update thread finished.
[LOG] Thread::callback                         : FMOD Studio bank load thread finished.
[LOG] ProfileClient::markForDead               : Closing client connection
[LOG] Profile::disconnectAll                   : Profiler disconnecting all clients
[LOG] Thread::callback                         : FMOD profiler thread (send) finished.
[LOG] FMOD_OS_Net_Read                         : Interrupted.[ERR] ProfileClient::recvThreadLoopFunction    : Recv thread loop returned 16
[LOG] Thread::callback                         : FMOD profiler thread (recv) finished.
[LOG] Thread::callback                         : FMOD Studio sample load thread finished.
[LOG] LiveUpdate::release                      : 
[LOG] LiveUpdate::reset                        : Reset connection (reason Disconnected)
[LOG] Thread::callback                         : FMOD stream thread finished.
[LOG] Thread::callback                         : FMOD mixer thread finished.
[LOG] Profile::disconnectAll                   : Profiler disconnecting all clients
[LOG] Thread::callback                         : FMOD nonblocking thread (0) finished.
[LOG] Thread::callback                         : FMOD file thread finished.
[LOG] SystemI::close                           : Closed.
